$ rake do_test
-- 1 --
milk update --all
package    : ruby-2.1.1
result     : 1 packages, 3371 records, 53 add, 667 update. (41.57sec)
*milkode*  : 1 packages, 3371 records in /Users/ongaeshi/Documents/groonga-broated-database-test/db/db/milkode.db.
du -h -d 1 .
748M	./db
748M	.
-- 2 --
milk update --all
package    : ruby-2.1.1
/usr/local/Cellar/ruby/2.1.1/lib/ruby/gems/2.1.0/gems/rroonga-4.0.0/lib/groonga/record.rb:99: [BUG] Segmentation fault at 0x00000000000000
ruby 2.1.1p76 (2014-02-24 revision 45161) [x86_64-darwin11.0]

-- Crash Report log information --------------------------------------------
   See Crash Report log file under the one of following:
     * ~/Library/Logs/CrashReporter
     * /Library/Logs/CrashReporter
     * ~/Library/Logs/DiagnosticReports
     * /Library/Logs/DiagnosticReports
   for more details.

-- Control frame information -----------------------------------------------
c:0037 p:---- s:0188 e:000187 CFUNC  :[]=
c:0036 p:---- s:0186 e:000185 CFUNC  :set_column_value
c:0035 p:0022 s:0179 e:000178 METHOD /usr/local/Cellar/ruby/2.1.1/lib/ruby/gems/2.1.0/gems/rroonga-4.0.0/lib/groonga/record.rb:99
c:0034 p:0014 s:0174 e:000172 BLOCK  /usr/local/Cellar/ruby/2.1.1/lib/ruby/gems/2.1.0/gems/rroonga-4.0.0/lib/groonga/record.rb:47 [FINISH]
c:0033 p:---- s:0169 e:000168 CFUNC  :each
c:0032 p:0038 s:0166 e:000165 METHOD /usr/local/Cellar/ruby/2.1.1/lib/ruby/gems/2.1.0/gems/rroonga-4.0.0/lib/groonga/record.rb:46 [FINISH]
c:0031 p:---- s:0160 e:000159 CFUNC  :new
c:0030 p:---- s:0158 e:000157 CFUNC  :add
c:0029 p:0276 s:0153 e:000152 METHOD /usr/local/Cellar/ruby/2.1.1/lib/ruby/gems/2.1.0/gems/milkode-1.5.0/lib/milkode/database/document_table.rb:138
c:0028 p:0070 s:0141 e:000140 METHOD /usr/local/Cellar/ruby/2.1.1/lib/ruby/gems/2.1.0/gems/milkode-1.5.0/lib/milkode/database/updater.rb:179
c:0027 p:0190 s:0134 e:000133 BLOCK  /usr/local/Cellar/ruby/2.1.1/lib/ruby/gems/2.1.0/gems/milkode-1.5.0/lib/milkode/database/updater.rb:217 [FINISH]
c:0026 p:---- s:0128 e:000127 CFUNC  :foreach
c:0025 p:0045 s:0124 e:000123 METHOD /usr/local/Cellar/ruby/2.1.1/lib/ruby/gems/2.1.0/gems/milkode-1.5.0/lib/milkode/database/updater.rb:198
c:0024 p:0164 s:0117 e:000116 BLOCK  /usr/local/Cellar/ruby/2.1.1/lib/ruby/gems/2.1.0/gems/milkode-1.5.0/lib/milkode/database/updater.rb:214 [FINISH]
c:0023 p:---- s:0111 e:000110 CFUNC  :foreach
c:0022 p:0045 s:0107 e:000106 METHOD /usr/local/Cellar/ruby/2.1.1/lib/ruby/gems/2.1.0/gems/milkode-1.5.0/lib/milkode/database/updater.rb:198
c:0021 p:0015 s:0100 e:000099 METHOD /usr/local/Cellar/ruby/2.1.1/lib/ruby/gems/2.1.0/gems/milkode-1.5.0/lib/milkode/database/updater.rb:163
c:0020 p:0059 s:0096 e:000095 METHOD /usr/local/Cellar/ruby/2.1.1/lib/ruby/gems/2.1.0/gems/milkode-1.5.0/lib/milkode/database/updater.rb:156
c:0019 p:0124 s:0092 e:000091 METHOD /usr/local/Cellar/ruby/2.1.1/lib/ruby/gems/2.1.0/gems/milkode-1.5.0/lib/milkode/database/updater.rb:39
c:0018 p:0189 s:0089 e:000088 METHOD /usr/local/Cellar/ruby/2.1.1/lib/ruby/gems/2.1.0/gems/milkode-1.5.0/lib/milkode/cdstk/cdstk.rb:1154
c:0017 p:0031 s:0079 e:000078 METHOD /usr/local/Cellar/ruby/2.1.1/lib/ruby/gems/2.1.0/gems/milkode-1.5.0/lib/milkode/cdstk/cdstk.rb:1122
c:0016 p:0012 s:0074 e:000073 BLOCK  /usr/local/Cellar/ruby/2.1.1/lib/ruby/gems/2.1.0/gems/milkode-1.5.0/lib/milkode/cdstk/cdstk.rb:74 [FINISH]
c:0015 p:---- s:0071 e:000070 CFUNC  :each
c:0014 p:0017 s:0068 e:000067 BLOCK  /usr/local/Cellar/ruby/2.1.1/lib/ruby/gems/2.1.0/gems/milkode-1.5.0/lib/milkode/cdstk/cdstk.rb:73
c:0013 p:0012 s:0066 e:000065 METHOD /usr/local/Cellar/ruby/2.1.1/lib/ruby/gems/2.1.0/gems/milkode-1.5.0/lib/milkode/cdstk/cdstk.rb:1210
c:0012 p:0007 s:0063 e:000062 METHOD /usr/local/Cellar/ruby/2.1.1/lib/ruby/gems/2.1.0/gems/milkode-1.5.0/lib/milkode/cdstk/cdstk.rb:70
c:0011 p:0029 s:0059 e:000058 METHOD /usr/local/Cellar/ruby/2.1.1/lib/ruby/gems/2.1.0/gems/milkode-1.5.0/lib/milkode/cdstk/cdstk.rb:83
c:0010 p:0014 s:0052 e:000051 METHOD /usr/local/Cellar/ruby/2.1.1/lib/ruby/gems/2.1.0/gems/milkode-1.5.0/lib/milkode/cli.rb:60
c:0009 p:0066 s:0048 e:000047 METHOD /usr/local/Cellar/ruby/2.1.1/lib/ruby/gems/2.1.0/gems/thor-0.18.1/lib/thor/command.rb:27
c:0008 p:0051 s:0041 e:000040 METHOD /usr/local/Cellar/ruby/2.1.1/lib/ruby/gems/2.1.0/gems/thor-0.18.1/lib/thor/invocation.rb:120
c:0007 p:0094 s:0035 e:000034 METHOD /usr/local/Cellar/ruby/2.1.1/lib/ruby/gems/2.1.0/gems/milkode-1.5.0/lib/milkode/cli.rb:245
c:0006 p:0343 s:0030 e:000029 METHOD /usr/local/Cellar/ruby/2.1.1/lib/ruby/gems/2.1.0/gems/thor-0.18.1/lib/thor.rb:363
c:0005 p:0062 s:0018 e:000017 METHOD /usr/local/Cellar/ruby/2.1.1/lib/ruby/gems/2.1.0/gems/thor-0.18.1/lib/thor/base.rb:439
c:0004 p:0044 s:0012 e:000011 TOP    /usr/local/Cellar/ruby/2.1.1/lib/ruby/gems/2.1.0/gems/milkode-1.5.0/bin/milk:10 [FINISH]
c:0003 p:---- s:0010 e:000009 CFUNC  :load
c:0002 p:0135 s:0006 E:000a08 EVAL   /usr/local/opt/ruby/bin/milk:23 [FINISH]
c:0001 p:0000 s:0002 E:001258 TOP    [FINISH]

/usr/local/opt/ruby/bin/milk:23:in `<main>'
/usr/local/opt/ruby/bin/milk:23:in `load'
/usr/local/Cellar/ruby/2.1.1/lib/ruby/gems/2.1.0/gems/milkode-1.5.0/bin/milk:10:in `<top (required)>'
/usr/local/Cellar/ruby/2.1.1/lib/ruby/gems/2.1.0/gems/thor-0.18.1/lib/thor/base.rb:439:in `start'
/usr/local/Cellar/ruby/2.1.1/lib/ruby/gems/2.1.0/gems/thor-0.18.1/lib/thor.rb:363:in `dispatch'
/usr/local/Cellar/ruby/2.1.1/lib/ruby/gems/2.1.0/gems/milkode-1.5.0/lib/milkode/cli.rb:245:in `invoke_command'
/usr/local/Cellar/ruby/2.1.1/lib/ruby/gems/2.1.0/gems/thor-0.18.1/lib/thor/invocation.rb:120:in `invoke_command'
/usr/local/Cellar/ruby/2.1.1/lib/ruby/gems/2.1.0/gems/thor-0.18.1/lib/thor/command.rb:27:in `run'
/usr/local/Cellar/ruby/2.1.1/lib/ruby/gems/2.1.0/gems/milkode-1.5.0/lib/milkode/cli.rb:60:in `update'
/usr/local/Cellar/ruby/2.1.1/lib/ruby/gems/2.1.0/gems/milkode-1.5.0/lib/milkode/cdstk/cdstk.rb:83:in `update'
/usr/local/Cellar/ruby/2.1.1/lib/ruby/gems/2.1.0/gems/milkode-1.5.0/lib/milkode/cdstk/cdstk.rb:70:in `update_all'
/usr/local/Cellar/ruby/2.1.1/lib/ruby/gems/2.1.0/gems/milkode-1.5.0/lib/milkode/cdstk/cdstk.rb:1210:in `print_result'
/usr/local/Cellar/ruby/2.1.1/lib/ruby/gems/2.1.0/gems/milkode-1.5.0/lib/milkode/cdstk/cdstk.rb:73:in `block in update_all'
/usr/local/Cellar/ruby/2.1.1/lib/ruby/gems/2.1.0/gems/milkode-1.5.0/lib/milkode/cdstk/cdstk.rb:73:in `each'
/usr/local/Cellar/ruby/2.1.1/lib/ruby/gems/2.1.0/gems/milkode-1.5.0/lib/milkode/cdstk/cdstk.rb:74:in `block (2 levels) in update_all'
/usr/local/Cellar/ruby/2.1.1/lib/ruby/gems/2.1.0/gems/milkode-1.5.0/lib/milkode/cdstk/cdstk.rb:1122:in `update_package_in'
/usr/local/Cellar/ruby/2.1.1/lib/ruby/gems/2.1.0/gems/milkode-1.5.0/lib/milkode/cdstk/cdstk.rb:1154:in `updater_exec'
/usr/local/Cellar/ruby/2.1.1/lib/ruby/gems/2.1.0/gems/milkode-1.5.0/lib/milkode/database/updater.rb:39:in `exec'
/usr/local/Cellar/ruby/2.1.1/lib/ruby/gems/2.1.0/gems/milkode-1.5.0/lib/milkode/database/updater.rb:156:in `update_dir'
/usr/local/Cellar/ruby/2.1.1/lib/ruby/gems/2.1.0/gems/milkode-1.5.0/lib/milkode/database/updater.rb:163:in `db_add_dir'
/usr/local/Cellar/ruby/2.1.1/lib/ruby/gems/2.1.0/gems/milkode-1.5.0/lib/milkode/database/updater.rb:198:in `searchDirectory'
/usr/local/Cellar/ruby/2.1.1/lib/ruby/gems/2.1.0/gems/milkode-1.5.0/lib/milkode/database/updater.rb:198:in `foreach'
/usr/local/Cellar/ruby/2.1.1/lib/ruby/gems/2.1.0/gems/milkode-1.5.0/lib/milkode/database/updater.rb:214:in `block in searchDirectory'
/usr/local/Cellar/ruby/2.1.1/lib/ruby/gems/2.1.0/gems/milkode-1.5.0/lib/milkode/database/updater.rb:198:in `searchDirectory'
/usr/local/Cellar/ruby/2.1.1/lib/ruby/gems/2.1.0/gems/milkode-1.5.0/lib/milkode/database/updater.rb:198:in `foreach'
/usr/local/Cellar/ruby/2.1.1/lib/ruby/gems/2.1.0/gems/milkode-1.5.0/lib/milkode/database/updater.rb:217:in `block in searchDirectory'
/usr/local/Cellar/ruby/2.1.1/lib/ruby/gems/2.1.0/gems/milkode-1.5.0/lib/milkode/database/updater.rb:179:in `db_add_file'
/usr/local/Cellar/ruby/2.1.1/lib/ruby/gems/2.1.0/gems/milkode-1.5.0/lib/milkode/database/document_table.rb:138:in `add'
/usr/local/Cellar/ruby/2.1.1/lib/ruby/gems/2.1.0/gems/milkode-1.5.0/lib/milkode/database/document_table.rb:138:in `add'
/usr/local/Cellar/ruby/2.1.1/lib/ruby/gems/2.1.0/gems/milkode-1.5.0/lib/milkode/database/document_table.rb:138:in `new'
/usr/local/Cellar/ruby/2.1.1/lib/ruby/gems/2.1.0/gems/rroonga-4.0.0/lib/groonga/record.rb:46:in `initialize'
/usr/local/Cellar/ruby/2.1.1/lib/ruby/gems/2.1.0/gems/rroonga-4.0.0/lib/groonga/record.rb:46:in `each'
/usr/local/Cellar/ruby/2.1.1/lib/ruby/gems/2.1.0/gems/rroonga-4.0.0/lib/groonga/record.rb:47:in `block in initialize'
/usr/local/Cellar/ruby/2.1.1/lib/ruby/gems/2.1.0/gems/rroonga-4.0.0/lib/groonga/record.rb:99:in `[]='
/usr/local/Cellar/ruby/2.1.1/lib/ruby/gems/2.1.0/gems/rroonga-4.0.0/lib/groonga/record.rb:99:in `set_column_value'
/usr/local/Cellar/ruby/2.1.1/lib/ruby/gems/2.1.0/gems/rroonga-4.0.0/lib/groonga/record.rb:99:in `[]='

-- C level backtrace information -------------------------------------------
0   libruby.2.1.0.dylib                 0x00000001037f4cf8 rb_print_backtrace + 29
1   libruby.2.1.0.dylib                 0x00000001037f4ddc rb_vm_bugreport + 124
2   libruby.2.1.0.dylib                 0x00000001036fed81 report_bug + 285
3   libruby.2.1.0.dylib                 0x00000001036fec5f rb_bug + 179
4   libruby.2.1.0.dylib                 0x00000001037976be check_stack_overflow + 0
5   libsystem_c.dylib                   0x00007fff90bddcfa _sigtramp + 26
6   libgroonga.dylib                    0x0000000103f15ca0 buffer_merge + 6048
7   ???                                 0x0000000000000018 0x0 + 24

-- Other runtime information -----------------------------------------------

* Loaded script: /usr/local/opt/ruby/bin/milk

* Loaded features:

    0 enumerator.so
    1 /usr/local/Cellar/ruby/2.1.1/lib/ruby/2.1.0/x86_64-darwin11.0/enc/encdb.bundle
    2 /usr/local/Cellar/ruby/2.1.1/lib/ruby/2.1.0/x86_64-darwin11.0/enc/trans/transdb.bundle
    3 /usr/local/Cellar/ruby/2.1.1/lib/ruby/2.1.0/x86_64-darwin11.0/rbconfig.rb
    4 /usr/local/Cellar/ruby/2.1.1/lib/ruby/2.1.0/rubygems/compatibility.rb
    5 /usr/local/Cellar/ruby/2.1.1/lib/ruby/2.1.0/rubygems/defaults.rb
    6 /usr/local/Cellar/ruby/2.1.1/lib/ruby/2.1.0/rubygems/deprecate.rb
    7 /usr/local/Cellar/ruby/2.1.1/lib/ruby/2.1.0/rubygems/errors.rb
    8 /usr/local/Cellar/ruby/2.1.1/lib/ruby/2.1.0/rubygems/version.rb
    9 /usr/local/Cellar/ruby/2.1.1/lib/ruby/2.1.0/rubygems/requirement.rb
   10 /usr/local/Cellar/ruby/2.1.1/lib/ruby/2.1.0/rubygems/platform.rb
   11 /usr/local/Cellar/ruby/2.1.1/lib/ruby/2.1.0/rubygems/basic_specification.rb
   12 /usr/local/Cellar/ruby/2.1.1/lib/ruby/2.1.0/rubygems/stub_specification.rb
   13 /usr/local/Cellar/ruby/2.1.1/lib/ruby/2.1.0/rubygems/util/stringio.rb
   14 /usr/local/Cellar/ruby/2.1.1/lib/ruby/2.1.0/rubygems/specification.rb
   15 /usr/local/Cellar/ruby/2.1.1/lib/ruby/2.1.0/rubygems/exceptions.rb
   16 /usr/local/Cellar/ruby/2.1.1/lib/ruby/2.1.0/rubygems/core_ext/kernel_gem.rb
   17 thread.rb
   18 /usr/local/Cellar/ruby/2.1.1/lib/ruby/2.1.0/x86_64-darwin11.0/thread.bundle
   19 /usr/local/Cellar/ruby/2.1.1/lib/ruby/2.1.0/monitor.rb
   20 /usr/local/Cellar/ruby/2.1.1/lib/ruby/2.1.0/rubygems/core_ext/kernel_require.rb
   21 /usr/local/Cellar/ruby/2.1.1/lib/ruby/2.1.0/rubygems.rb
   22 /usr/local/Cellar/ruby/2.1.1/lib/ruby/2.1.0/rubygems/dependency.rb
   23 /usr/local/Cellar/ruby/2.1.1/lib/ruby/2.1.0/rubygems/path_support.rb
   24 /usr/local/Cellar/ruby/2.1.1/lib/ruby/2.1.0/set.rb
   25 /usr/local/Cellar/ruby/2.1.1/lib/ruby/gems/2.1.0/gems/thor-0.18.1/lib/thor/command.rb
   26 /usr/local/Cellar/ruby/2.1.1/lib/ruby/gems/2.1.0/gems/thor-0.18.1/lib/thor/core_ext/hash_with_indifferent_access.rb
   27 /usr/local/Cellar/ruby/2.1.1/lib/ruby/gems/2.1.0/gems/thor-0.18.1/lib/thor/core_ext/ordered_hash.rb
   28 /usr/local/Cellar/ruby/2.1.1/lib/ruby/gems/2.1.0/gems/thor-0.18.1/lib/thor/error.rb
   29 /usr/local/Cellar/ruby/2.1.1/lib/ruby/gems/2.1.0/gems/thor-0.18.1/lib/thor/invocation.rb
   30 /usr/local/Cellar/ruby/2.1.1/lib/ruby/gems/2.1.0/gems/thor-0.18.1/lib/thor/parser/argument.rb
   31 /usr/local/Cellar/ruby/2.1.1/lib/ruby/gems/2.1.0/gems/thor-0.18.1/lib/thor/parser/arguments.rb
   32 /usr/local/Cellar/ruby/2.1.1/lib/ruby/gems/2.1.0/gems/thor-0.18.1/lib/thor/parser/option.rb
   33 /usr/local/Cellar/ruby/2.1.1/lib/ruby/gems/2.1.0/gems/thor-0.18.1/lib/thor/parser/options.rb
   34 /usr/local/Cellar/ruby/2.1.1/lib/ruby/gems/2.1.0/gems/thor-0.18.1/lib/thor/parser.rb
   35 /usr/local/Cellar/ruby/2.1.1/lib/ruby/gems/2.1.0/gems/thor-0.18.1/lib/thor/shell.rb
   36 /usr/local/Cellar/ruby/2.1.1/lib/ruby/gems/2.1.0/gems/thor-0.18.1/lib/thor/util.rb
   37 /usr/local/Cellar/ruby/2.1.1/lib/ruby/gems/2.1.0/gems/thor-0.18.1/lib/thor/base.rb
   38 /usr/local/Cellar/ruby/2.1.1/lib/ruby/gems/2.1.0/gems/thor-0.18.1/lib/thor.rb
   39 /usr/local/Cellar/ruby/2.1.1/lib/ruby/2.1.0/x86_64-darwin11.0/etc.bundle
   40 /usr/local/Cellar/ruby/2.1.1/lib/ruby/2.1.0/fileutils.rb
   41 /usr/local/Cellar/ruby/2.1.1/lib/ruby/2.1.0/x86_64-darwin11.0/enc/euc_jp.bundle
   42 /usr/local/Cellar/ruby/2.1.1/lib/ruby/2.1.0/x86_64-darwin11.0/enc/shift_jis.bundle
   43 /usr/local/Cellar/ruby/2.1.1/lib/ruby/2.1.0/x86_64-darwin11.0/enc/utf_16be.bundle
   44 /usr/local/Cellar/ruby/2.1.1/lib/ruby/2.1.0/x86_64-darwin11.0/enc/utf_32be.bundle
   45 /usr/local/Cellar/ruby/2.1.1/lib/ruby/2.1.0/x86_64-darwin11.0/nkf.bundle
   46 /usr/local/Cellar/ruby/2.1.1/lib/ruby/2.1.0/kconv.rb
   47 /usr/local/Cellar/ruby/2.1.1/lib/ruby/2.1.0/uri/common.rb
   48 /usr/local/Cellar/ruby/2.1.1/lib/ruby/2.1.0/uri/generic.rb
   49 /usr/local/Cellar/ruby/2.1.1/lib/ruby/2.1.0/uri/ftp.rb
   50 /usr/local/Cellar/ruby/2.1.1/lib/ruby/2.1.0/uri/http.rb
   51 /usr/local/Cellar/ruby/2.1.1/lib/ruby/2.1.0/uri/https.rb
   52 /usr/local/Cellar/ruby/2.1.1/lib/ruby/2.1.0/uri/ldap.rb
   53 /usr/local/Cellar/ruby/2.1.1/lib/ruby/2.1.0/uri/ldaps.rb
   54 /usr/local/Cellar/ruby/2.1.1/lib/ruby/2.1.0/uri/mailto.rb
   55 /usr/local/Cellar/ruby/2.1.1/lib/ruby/2.1.0/uri.rb
   56 /usr/local/Cellar/ruby/2.1.1/lib/ruby/2.1.0/x86_64-darwin11.0/stringio.bundle
   57 /usr/local/Cellar/ruby/2.1.1/lib/ruby/2.1.0/x86_64-darwin11.0/date_core.bundle
   58 /usr/local/Cellar/ruby/2.1.1/lib/ruby/2.1.0/date/format.rb
   59 /usr/local/Cellar/ruby/2.1.1/lib/ruby/2.1.0/date.rb
   60 /usr/local/Cellar/ruby/2.1.1/lib/ruby/2.1.0/time.rb
   61 /usr/local/Cellar/ruby/2.1.1/lib/ruby/2.1.0/open-uri.rb
   62 /usr/local/Cellar/ruby/2.1.1/lib/ruby/2.1.0/x86_64-darwin11.0/pathname.bundle
   63 /usr/local/Cellar/ruby/2.1.1/lib/ruby/2.1.0/pathname.rb
   64 /usr/local/Cellar/ruby/2.1.1/lib/ruby/2.1.0/psych/exception.rb
   65 /usr/local/Cellar/ruby/2.1.1/lib/ruby/2.1.0/psych/syntax_error.rb
   66 /usr/local/Cellar/ruby/2.1.1/lib/ruby/2.1.0/x86_64-darwin11.0/psych.bundle
   67 /usr/local/Cellar/ruby/2.1.1/lib/ruby/2.1.0/psych/omap.rb
   68 /usr/local/Cellar/ruby/2.1.1/lib/ruby/2.1.0/psych/set.rb
   69 /usr/local/Cellar/ruby/2.1.1/lib/ruby/2.1.0/psych/class_loader.rb
   70 /usr/local/Cellar/ruby/2.1.1/lib/ruby/2.1.0/x86_64-darwin11.0/strscan.bundle
   71 /usr/local/Cellar/ruby/2.1.1/lib/ruby/2.1.0/psych/scalar_scanner.rb
   72 /usr/local/Cellar/ruby/2.1.1/lib/ruby/2.1.0/psych/nodes/node.rb
   73 /usr/local/Cellar/ruby/2.1.1/lib/ruby/2.1.0/psych/nodes/stream.rb
   74 /usr/local/Cellar/ruby/2.1.1/lib/ruby/2.1.0/psych/nodes/document.rb
   75 /usr/local/Cellar/ruby/2.1.1/lib/ruby/2.1.0/psych/nodes/sequence.rb
   76 /usr/local/Cellar/ruby/2.1.1/lib/ruby/2.1.0/psych/nodes/scalar.rb
   77 /usr/local/Cellar/ruby/2.1.1/lib/ruby/2.1.0/psych/nodes/mapping.rb
   78 /usr/local/Cellar/ruby/2.1.1/lib/ruby/2.1.0/psych/nodes/alias.rb
   79 /usr/local/Cellar/ruby/2.1.1/lib/ruby/2.1.0/psych/nodes.rb
   80 /usr/local/Cellar/ruby/2.1.1/lib/ruby/2.1.0/psych/streaming.rb
   81 /usr/local/Cellar/ruby/2.1.1/lib/ruby/2.1.0/psych/visitors/visitor.rb
   82 /usr/local/Cellar/ruby/2.1.1/lib/ruby/2.1.0/psych/visitors/to_ruby.rb
   83 /usr/local/Cellar/ruby/2.1.1/lib/ruby/2.1.0/psych/visitors/emitter.rb
   84 /usr/local/Cellar/ruby/2.1.1/lib/ruby/2.1.0/psych/handler.rb
   85 /usr/local/Cellar/ruby/2.1.1/lib/ruby/2.1.0/psych/tree_builder.rb
   86 /usr/local/Cellar/ruby/2.1.1/lib/ruby/2.1.0/psych/visitors/yaml_tree.rb
   87 /usr/local/Cellar/ruby/2.1.1/lib/ruby/2.1.0/psych/json/ruby_events.rb
   88 /usr/local/Cellar/ruby/2.1.1/lib/ruby/2.1.0/psych/visitors/json_tree.rb
   89 /usr/local/Cellar/ruby/2.1.1/lib/ruby/2.1.0/psych/visitors/depth_first.rb
   90 /usr/local/Cellar/ruby/2.1.1/lib/ruby/2.1.0/psych/visitors.rb
   91 /usr/local/Cellar/ruby/2.1.1/lib/ruby/2.1.0/psych/parser.rb
   92 /usr/local/Cellar/ruby/2.1.1/lib/ruby/2.1.0/psych/coder.rb
   93 /usr/local/Cellar/ruby/2.1.1/lib/ruby/2.1.0/psych/core_ext.rb
   94 /usr/local/Cellar/ruby/2.1.1/lib/ruby/2.1.0/psych/deprecated.rb
   95 /usr/local/Cellar/ruby/2.1.1/lib/ruby/2.1.0/psych/stream.rb
   96 /usr/local/Cellar/ruby/2.1.1/lib/ruby/2.1.0/psych/json/yaml_events.rb
   97 /usr/local/Cellar/ruby/2.1.1/lib/ruby/2.1.0/psych/json/tree_builder.rb
   98 /usr/local/Cellar/ruby/2.1.1/lib/ruby/2.1.0/psych/json/stream.rb
   99 /usr/local/Cellar/ruby/2.1.1/lib/ruby/2.1.0/psych/handlers/document_stream.rb
  100 /usr/local/Cellar/ruby/2.1.1/lib/ruby/2.1.0/psych.rb
  101 /usr/local/Cellar/ruby/2.1.1/lib/ruby/2.1.0/yaml.rb
  102 /usr/local/Cellar/ruby/2.1.1/lib/ruby/2.1.0/x86_64-darwin11.0/readline.bundle
  103 /usr/local/Cellar/ruby/2.1.1/lib/ruby/gems/2.1.0/gems/milkode-1.5.0/lib/milkode/common/dbdir.rb
  104 /usr/local/Cellar/ruby/2.1.1/lib/ruby/gems/2.1.0/gems/milkode-1.5.0/lib/milkode/cdstk/cdstk_command.rb
  105 /usr/local/Cellar/ruby/2.1.1/lib/ruby/2.1.0/open3.rb
  106 /usr/local/Cellar/ruby/2.1.1/lib/ruby/gems/2.1.0/gems/milkode-1.5.0/lib/milkode/common/util.rb
  107 /usr/local/Cellar/ruby/2.1.1/lib/ruby/gems/2.1.0/gems/milkode-1.5.0/lib/milkode/cdstk/package.rb
  108 /usr/local/Cellar/ruby/2.1.1/lib/ruby/gems/2.1.0/gems/milkode-1.5.0/lib/milkode/cdstk/milkode_yaml.rb
  109 /usr/local/Cellar/ruby/2.1.1/lib/ruby/gems/2.1.0/gems/milkode-1.5.0/lib/milkode/cdstk/yaml_file_wrapper.rb
  110 /usr/local/Cellar/ruby/2.1.1/lib/ruby/gems/2.1.0/gems/milkode-1.5.0/lib/milkode/common/array_diff.rb
  111 /usr/local/Cellar/ruby/2.1.1/lib/ruby/gems/2.1.0/gems/milkode-1.5.0/lib/milkode/common/dir.rb
  112 /usr/local/Cellar/ruby/2.1.1/lib/ruby/gems/2.1.0/gems/milkode-1.5.0/lib/milkode/common/grenfiletest.rb
  113 /usr/local/Cellar/ruby/2.1.1/lib/ruby/gems/2.1.0/gems/milkode-1.5.0/lib/milkode/common/ignore_setting.rb
  114 /usr/local/Cellar/ruby/2.1.1/lib/ruby/gems/2.1.0/gems/milkode-1.5.0/lib/milkode/common/ignore_checker.rb
  115 /usr/local/Cellar/ruby/2.1.1/lib/ruby/gems/2.1.0/gems/milkode-1.5.0/lib/milkode/common/plang_detector.rb
  116 /usr/local/Cellar/ruby/2.1.1/lib/ruby/gems/2.1.0/gems/milkode-1.5.0/lib/milkode/database/document_record.rb
  117 /usr/local/Cellar/ruby/2.1.1/lib/ruby/gems/2.1.0/gems/rroonga-4.0.0/lib/groonga/geo-point.rb
  118 /usr/local/Cellar/ruby/2.1.1/lib/ruby/2.1.0/English.rb
  119 /usr/local/Cellar/ruby/2.1.1/lib/ruby/gems/2.1.0/gems/rroonga-4.0.0/lib/groonga/sub-records.rb
  120 /usr/local/Cellar/ruby/2.1.1/lib/ruby/gems/2.1.0/gems/rroonga-4.0.0/lib/groonga/record.rb
  121 /usr/local/Cellar/ruby/2.1.1/lib/ruby/gems/2.1.0/gems/rroonga-4.0.0/lib/groonga/expression-builder-19.rb
  122 /usr/local/Cellar/ruby/2.1.1/lib/ruby/gems/2.1.0/gems/rroonga-4.0.0/lib/groonga/expression-builder.rb
  123 /usr/local/Cellar/ruby/2.1.1/lib/ruby/gems/2.1.0/gems/rroonga-4.0.0/lib/groonga/posting.rb
  124 /usr/local/Cellar/ruby/2.1.1/lib/ruby/gems/2.1.0/extensions/x86_64-darwin-11/2.1.0/rroonga-4.0.0/groonga.bundle
  125 /usr/local/Cellar/ruby/2.1.1/lib/ruby/gems/2.1.0/gems/rroonga-4.0.0/lib/groonga/memory-pool.rb
  126 /usr/local/Cellar/ruby/2.1.1/lib/ruby/gems/2.1.0/gems/groonga-command-1.0.6/lib/groonga/command/version.rb
  127 /usr/local/Cellar/ruby/2.1.1/lib/ruby/gems/2.1.0/gems/groonga-command-1.0.6/lib/groonga/command/error.rb
  128 /usr/local/Cellar/ruby/2.1.1/lib/ruby/2.1.0/cgi/core.rb
  129 /usr/local/Cellar/ruby/2.1.1/lib/ruby/2.1.0/cgi/util.rb
  130 /usr/local/Cellar/ruby/2.1.1/lib/ruby/2.1.0/cgi/cookie.rb
  131 /usr/local/Cellar/ruby/2.1.1/lib/ruby/2.1.0/cgi.rb
  132 /usr/local/Cellar/ruby/2.1.1/lib/ruby/gems/2.1.0/gems/groonga-command-1.0.6/lib/groonga/command/format/uri.rb
  133 /usr/local/Cellar/ruby/2.1.1/lib/ruby/gems/2.1.0/gems/groonga-command-1.0.6/lib/groonga/command/format/command.rb
  134 /usr/local/Cellar/ruby/2.1.1/lib/ruby/gems/2.1.0/gems/groonga-command-1.0.6/lib/groonga/command/base.rb
  135 /usr/local/Cellar/ruby/2.1.1/lib/ruby/gems/2.1.0/gems/groonga-command-1.0.6/lib/groonga/command/column-create.rb
  136 /usr/local/Cellar/ruby/2.1.1/lib/ruby/gems/2.1.0/gems/groonga-command-1.0.6/lib/groonga/command/column-list.rb
  137 /usr/local/Cellar/ruby/2.1.1/lib/ruby/gems/2.1.0/gems/groonga-command-1.0.6/lib/groonga/command/column-remove.rb
  138 /usr/local/Cellar/ruby/2.1.1/lib/ruby/gems/2.1.0/gems/groonga-command-1.0.6/lib/groonga/command/column-rename.rb
  139 /usr/local/Cellar/ruby/2.1.1/lib/ruby/gems/2.1.0/gems/groonga-command-1.0.6/lib/groonga/command/delete.rb
  140 /usr/local/Cellar/ruby/2.1.1/lib/ruby/gems/2.1.0/gems/groonga-command-1.0.6/lib/groonga/command/dump.rb
  141 /usr/local/Cellar/ruby/2.1.1/lib/ruby/gems/2.1.0/gems/groonga-command-1.0.6/lib/groonga/command/get.rb
  142 /usr/local/Cellar/ruby/2.1.1/lib/ruby/2.1.0/json/version.rb
  143 /usr/local/Cellar/ruby/2.1.1/lib/ruby/2.1.0/ostruct.rb
  144 /usr/local/Cellar/ruby/2.1.1/lib/ruby/2.1.0/json/generic_object.rb
  145 /usr/local/Cellar/ruby/2.1.1/lib/ruby/2.1.0/json/common.rb
  146 /usr/local/Cellar/ruby/2.1.1/lib/ruby/2.1.0/x86_64-darwin11.0/enc/utf_16le.bundle
  147 /usr/local/Cellar/ruby/2.1.1/lib/ruby/2.1.0/x86_64-darwin11.0/enc/utf_32le.bundle
  148 /usr/local/Cellar/ruby/2.1.1/lib/ruby/2.1.0/x86_64-darwin11.0/json/ext/parser.bundle
  149 /usr/local/Cellar/ruby/2.1.1/lib/ruby/2.1.0/x86_64-darwin11.0/json/ext/generator.bundle
  150 /usr/local/Cellar/ruby/2.1.1/lib/ruby/2.1.0/json/ext.rb
  151 /usr/local/Cellar/ruby/2.1.1/lib/ruby/2.1.0/json.rb
  152 /usr/local/Cellar/ruby/2.1.1/lib/ruby/gems/2.1.0/gems/groonga-command-1.0.6/lib/groonga/command/load.rb
  153 /usr/local/Cellar/ruby/2.1.1/lib/ruby/gems/2.1.0/gems/groonga-command-1.0.6/lib/groonga/command/normalize.rb
  154 /usr/local/Cellar/ruby/2.1.1/lib/ruby/gems/2.1.0/gems/groonga-command-1.0.6/lib/groonga/command/register.rb
  155 /usr/local/Cellar/ruby/2.1.1/lib/ruby/gems/2.1.0/gems/groonga-command-1.0.6/lib/groonga/command/ruby-eval.rb
  156 /usr/local/Cellar/ruby/2.1.1/lib/ruby/gems/2.1.0/gems/groonga-command-1.0.6/lib/groonga/command/ruby-load.rb
  157 /usr/local/Cellar/ruby/2.1.1/lib/ruby/gems/2.1.0/gems/groonga-command-1.0.6/lib/groonga/command/select.rb
  158 /usr/local/Cellar/ruby/2.1.1/lib/ruby/gems/2.1.0/gems/groonga-command-1.0.6/lib/groonga/command/status.rb
  159 /usr/local/Cellar/ruby/2.1.1/lib/ruby/gems/2.1.0/gems/groonga-command-1.0.6/lib/groonga/command/suggest.rb
  160 /usr/local/Cellar/ruby/2.1.1/lib/ruby/gems/2.1.0/gems/groonga-command-1.0.6/lib/groonga/command/table-create.rb
  161 /usr/local/Cellar/ruby/2.1.1/lib/ruby/gems/2.1.0/gems/groonga-command-1.0.6/lib/groonga/command/table-remove.rb
  162 /usr/local/Cellar/ruby/2.1.1/lib/ruby/gems/2.1.0/gems/groonga-command-1.0.6/lib/groonga/command/table-rename.rb
  163 /usr/local/Cellar/ruby/2.1.1/lib/ruby/gems/2.1.0/gems/groonga-command-1.0.6/lib/groonga/command/tokenize.rb
  164 /usr/local/Cellar/ruby/2.1.1/lib/ruby/gems/2.1.0/gems/groonga-command-1.0.6/lib/groonga/command/truncate.rb
  165 /usr/local/Cellar/ruby/2.1.1/lib/ruby/gems/2.1.0/gems/groonga-command-1.0.6/lib/groonga/command.rb
  166 /usr/local/Cellar/ruby/2.1.1/lib/ruby/2.1.0/rexml/security.rb
  167 /usr/local/Cellar/ruby/2.1.1/lib/ruby/2.1.0/rexml/parseexception.rb
  168 /usr/local/Cellar/ruby/2.1.1/lib/ruby/2.1.0/rexml/formatters/default.rb
  169 /usr/local/Cellar/ruby/2.1.1/lib/ruby/2.1.0/rexml/formatters/pretty.rb
  170 /usr/local/Cellar/ruby/2.1.1/lib/ruby/2.1.0/rexml/node.rb
  171 /usr/local/Cellar/ruby/2.1.1/lib/ruby/2.1.0/rexml/child.rb
  172 /usr/local/Cellar/ruby/2.1.1/lib/ruby/2.1.0/rexml/parent.rb
  173 /usr/local/Cellar/ruby/2.1.1/lib/ruby/2.1.0/rexml/xmltokens.rb
  174 /usr/local/Cellar/ruby/2.1.1/lib/ruby/2.1.0/rexml/namespace.rb
  175 /usr/local/Cellar/ruby/2.1.1/lib/ruby/2.1.0/rexml/encoding.rb
  176 /usr/local/Cellar/ruby/2.1.1/lib/ruby/2.1.0/rexml/source.rb
  177 /usr/local/Cellar/ruby/2.1.1/lib/ruby/2.1.0/rexml/entity.rb
  178 /usr/local/Cellar/ruby/2.1.1/lib/ruby/2.1.0/rexml/attlistdecl.rb
  179 /usr/local/Cellar/ruby/2.1.1/lib/ruby/2.1.0/rexml/doctype.rb
  180 /usr/local/Cellar/ruby/2.1.1/lib/ruby/2.1.0/rexml/text.rb
  181 /usr/local/Cellar/ruby/2.1.1/lib/ruby/2.1.0/rexml/attribute.rb
  182 /usr/local/Cellar/ruby/2.1.1/lib/ruby/2.1.0/rexml/cdata.rb
  183 /usr/local/Cellar/ruby/2.1.1/lib/ruby/2.1.0/rexml/functions.rb
  184 /usr/local/Cellar/ruby/2.1.1/lib/ruby/2.1.0/rexml/syncenumerator.rb
  185 /usr/local/Cellar/ruby/2.1.1/lib/ruby/2.1.0/rexml/parsers/xpathparser.rb
  186 /usr/local/Cellar/ruby/2.1.1/lib/ruby/2.1.0/rexml/xpath_parser.rb
  187 /usr/local/Cellar/ruby/2.1.1/lib/ruby/2.1.0/rexml/xpath.rb
  188 /usr/local/Cellar/ruby/2.1.1/lib/ruby/2.1.0/rexml/element.rb
  189 /usr/local/Cellar/ruby/2.1.1/lib/ruby/2.1.0/rexml/xmldecl.rb
  190 /usr/local/Cellar/ruby/2.1.1/lib/ruby/2.1.0/rexml/comment.rb
  191 /usr/local/Cellar/ruby/2.1.1/lib/ruby/2.1.0/rexml/instruction.rb
  192 /usr/local/Cellar/ruby/2.1.1/lib/ruby/2.1.0/rexml/rexml.rb
  193 /usr/local/Cellar/ruby/2.1.1/lib/ruby/2.1.0/rexml/output.rb
  194 /usr/local/Cellar/ruby/2.1.1/lib/ruby/2.1.0/rexml/undefinednamespaceexception.rb
  195 /usr/local/Cellar/ruby/2.1.1/lib/ruby/2.1.0/rexml/parsers/baseparser.rb
  196 /usr/local/Cellar/ruby/2.1.1/lib/ruby/2.1.0/rexml/parsers/streamparser.rb
  197 /usr/local/Cellar/ruby/2.1.1/lib/ruby/2.1.0/rexml/validation/validationexception.rb
  198 /usr/local/Cellar/ruby/2.1.1/lib/ruby/2.1.0/rexml/parsers/treeparser.rb
  199 /usr/local/Cellar/ruby/2.1.1/lib/ruby/2.1.0/rexml/document.rb
  200 /usr/local/Cellar/ruby/2.1.1/lib/ruby/gems/2.1.0/gems/groonga-client-0.0.4/lib/groonga/client/response/base.rb
  201 /usr/local/Cellar/ruby/2.1.1/lib/ruby/gems/2.1.0/gems/groonga-client-0.0.4/lib/groonga/client/response/cache_limit.rb
  202 /usr/local/Cellar/ruby/2.1.1/lib/ruby/gems/2.1.0/gems/groonga-client-0.0.4/lib/groonga/client/response/check.rb
  203 /usr/local/Cellar/ruby/2.1.1/lib/ruby/gems/2.1.0/gems/groonga-client-0.0.4/lib/groonga/client/response/clearlock.rb
  204 /usr/local/Cellar/ruby/2.1.1/lib/ruby/gems/2.1.0/gems/groonga-client-0.0.4/lib/groonga/client/response/column_create.rb
  205 /usr/local/Cellar/ruby/2.1.1/lib/ruby/gems/2.1.0/gems/groonga-client-0.0.4/lib/groonga/client/response/column_list.rb
  206 /usr/local/Cellar/ruby/2.1.1/lib/ruby/gems/2.1.0/gems/groonga-client-0.0.4/lib/groonga/client/response/column_remove.rb
  207 /usr/local/Cellar/ruby/2.1.1/lib/ruby/gems/2.1.0/gems/groonga-client-0.0.4/lib/groonga/client/response/column_rename.rb
  208 /usr/local/Cellar/ruby/2.1.1/lib/ruby/gems/2.1.0/gems/groonga-client-0.0.4/lib/groonga/client/response/defrag.rb
  209 /usr/local/Cellar/ruby/2.1.1/lib/ruby/gems/2.1.0/gems/groonga-client-0.0.4/lib/groonga/client/response/delete.rb
  210 /usr/local/Cellar/ruby/2.1.1/lib/ruby/gems/2.1.0/gems/groonga-client-0.0.4/lib/groonga/client/response/dump.rb
  211 /usr/local/Cellar/ruby/2.1.1/lib/ruby/gems/2.1.0/gems/groonga-client-0.0.4/lib/groonga/client/response/load.rb
  212 /usr/local/Cellar/ruby/2.1.1/lib/ruby/gems/2.1.0/gems/groonga-client-0.0.4/lib/groonga/client/response/log_level.rb
  213 /usr/local/Cellar/ruby/2.1.1/lib/ruby/gems/2.1.0/gems/groonga-client-0.0.4/lib/groonga/client/response/log_put.rb
  214 /usr/local/Cellar/ruby/2.1.1/lib/ruby/gems/2.1.0/gems/groonga-client-0.0.4/lib/groonga/client/response/log_reopen.rb
  215 /usr/local/Cellar/ruby/2.1.1/lib/ruby/gems/2.1.0/gems/groonga-client-0.0.4/lib/groonga/client/response/quit.rb
  216 /usr/local/Cellar/ruby/2.1.1/lib/ruby/gems/2.1.0/gems/groonga-client-0.0.4/lib/groonga/client/response/register.rb
  217 /usr/local/Cellar/ruby/2.1.1/lib/ruby/gems/2.1.0/gems/groonga-client-0.0.4/lib/groonga/client/response/select.rb
  218 /usr/local/Cellar/ruby/2.1.1/lib/ruby/gems/2.1.0/gems/groonga-client-0.0.4/lib/groonga/client/response/status.rb
  219 /usr/local/Cellar/ruby/2.1.1/lib/ruby/gems/2.1.0/gems/groonga-client-0.0.4/lib/groonga/client/response/table_list.rb
  220 /usr/local/Cellar/ruby/2.1.1/lib/ruby/gems/2.1.0/gems/groonga-client-0.0.4/lib/groonga/client/response.rb
  221 /usr/local/Cellar/ruby/2.1.1/lib/ruby/gems/2.1.0/gems/rroonga-4.0.0/lib/groonga/context/command-executor.rb
  222 /usr/local/Cellar/ruby/2.1.1/lib/ruby/gems/2.1.0/gems/rroonga-4.0.0/lib/groonga/context.rb
  223 /usr/local/Cellar/ruby/2.1.1/lib/ruby/gems/2.1.0/gems/rroonga-4.0.0/lib/groonga/statistic-measurer.rb
  224 /usr/local/Cellar/ruby/2.1.1/lib/ruby/gems/2.1.0/gems/rroonga-4.0.0/lib/groonga/database.rb
  225 /usr/local/Cellar/ruby/2.1.1/lib/ruby/gems/2.1.0/gems/rroonga-4.0.0/lib/groonga/table.rb
  226 /usr/local/Cellar/ruby/2.1.1/lib/ruby/gems/2.1.0/gems/rroonga-4.0.0/lib/groonga/column.rb
  227 /usr/local/Cellar/ruby/2.1.1/lib/ruby/gems/2.1.0/gems/rroonga-4.0.0/lib/groonga/patricia-trie.rb
  228 /usr/local/Cellar/ruby/2.1.1/lib/ruby/gems/2.1.0/gems/rroonga-4.0.0/lib/groonga/index-column.rb
  229 /usr/local/Cellar/ruby/2.1.1/lib/ruby/gems/2.1.0/gems/rroonga-4.0.0/lib/groonga/dumper.rb
  230 /usr/local/Cellar/ruby/2.1.1/lib/ruby/gems/2.1.0/gems/rroonga-4.0.0/lib/groonga/database-inspector.rb
  231 /usr/local/Cellar/ruby/2.1.1/lib/ruby/gems/2.1.0/gems/rroonga-4.0.0/lib/groonga/schema.rb
  232 /usr/local/Cellar/ruby/2.1.1/lib/ruby/gems/2.1.0/gems/rroonga-4.0.0/lib/groonga/pagination.rb
  233 /usr/local/Cellar/ruby/2.1.1/lib/ruby/gems/2.1.0/gems/rroonga-4.0.0/lib/groonga/grntest-log.rb
  234 /usr/local/Cellar/ruby/2.1.1/lib/ruby/gems/2.1.0/gems/rroonga-4.0.0/lib/groonga/logger.rb
  235 /usr/local/Cellar/ruby/2.1.1/lib/ruby/gems/2.1.0/gems/rroonga-4.0.0/lib/groonga/query-logger.rb
  236 /usr/local/Cellar/ruby/2.1.1/lib/ruby/gems/2.1.0/gems/rroonga-4.0.0/lib/groonga.rb
  237 /usr/local/Cellar/ruby/2.1.1/lib/ruby/gems/2.1.0/gems/milkode-1.5.0/lib/milkode/database/package_table.rb
  238 /usr/local/Cellar/ruby/2.1.1/lib/ruby/gems/2.1.0/gems/milkode-1.5.0/lib/milkode/database/document_table.rb
  239 /usr/local/Cellar/ruby/2.1.1/lib/ruby/gems/2.1.0/gems/milkode-1.5.0/lib/milkode/database/groonga_database.rb
  240 /usr/local/Cellar/ruby/2.1.1/lib/ruby/gems/2.1.0/gems/milkode-1.5.0/lib/milkode/database/updater.rb
  241 /usr/local/Cellar/ruby/2.1.1/lib/ruby/gems/2.1.0/gems/milkode-1.5.0/lib/milkode/cdstk/cdstk.rb
  242 /usr/local/Cellar/ruby/2.1.1/lib/ruby/2.1.0/delegate.rb
  243 /usr/local/Cellar/ruby/2.1.1/lib/ruby/2.1.0/tmpdir.rb
  244 /usr/local/Cellar/ruby/2.1.1/lib/ruby/2.1.0/tempfile.rb
  245 /usr/local/Cellar/ruby/2.1.1/lib/ruby/gems/2.1.0/gems/rack-1.5.2/lib/rack/multipart.rb
  246 /usr/local/Cellar/ruby/2.1.1/lib/ruby/gems/2.1.0/gems/rack-1.5.2/lib/rack/utils.rb
  247 /usr/local/Cellar/ruby/2.1.1/lib/ruby/gems/2.1.0/gems/rack-1.5.2/lib/rack.rb
  248 /usr/local/Cellar/ruby/2.1.1/lib/ruby/gems/2.1.0/gems/addressable-2.3.5/lib/addressable/version.rb
  249 /usr/local/Cellar/ruby/2.1.1/lib/ruby/gems/2.1.0/gems/addressable-2.3.5/lib/addressable/idna/pure.rb
  250 /usr/local/Cellar/ruby/2.1.1/lib/ruby/gems/2.1.0/gems/addressable-2.3.5/lib/addressable/idna.rb
  251 /usr/local/Cellar/ruby/2.1.1/lib/ruby/gems/2.1.0/gems/addressable-2.3.5/lib/addressable/uri.rb
  252 /usr/local/Cellar/ruby/2.1.1/lib/ruby/gems/2.1.0/gems/launchy-2.4.2/lib/launchy/version.rb
  253 /usr/local/Cellar/ruby/2.1.1/lib/ruby/gems/2.1.0/gems/launchy-2.4.2/lib/launchy/argv.rb
  254 /usr/local/Cellar/ruby/2.1.1/lib/ruby/2.1.0/optparse.rb
  255 /usr/local/Cellar/ruby/2.1.1/lib/ruby/gems/2.1.0/gems/launchy-2.4.2/lib/launchy/cli.rb
  256 /usr/local/Cellar/ruby/2.1.1/lib/ruby/gems/2.1.0/gems/launchy-2.4.2/lib/launchy/descendant_tracker.rb
  257 /usr/local/Cellar/ruby/2.1.1/lib/ruby/gems/2.1.0/gems/launchy-2.4.2/lib/launchy/error.rb
  258 /usr/local/Cellar/ruby/2.1.1/lib/ruby/gems/2.1.0/gems/launchy-2.4.2/lib/launchy/applications/browser.rb
  259 /usr/local/Cellar/ruby/2.1.1/lib/ruby/gems/2.1.0/gems/launchy-2.4.2/lib/launchy/application.rb
  260 /usr/local/Cellar/ruby/2.1.1/lib/ruby/gems/2.1.0/gems/launchy-2.4.2/lib/launchy/detect/host_os.rb
  261 /usr/local/Cellar/ruby/2.1.1/lib/ruby/gems/2.1.0/gems/launchy-2.4.2/lib/launchy/detect/host_os_family.rb
  262 /usr/local/Cellar/ruby/2.1.1/lib/ruby/gems/2.1.0/gems/launchy-2.4.2/lib/launchy/detect/ruby_engine.rb
  263 /usr/local/Cellar/ruby/2.1.1/lib/ruby/gems/2.1.0/gems/launchy-2.4.2/lib/launchy/detect/nix_desktop_environment.rb
  264 /usr/local/Cellar/ruby/2.1.1/lib/ruby/2.1.0/shellwords.rb
  265 /usr/local/Cellar/ruby/2.1.1/lib/ruby/gems/2.1.0/gems/launchy-2.4.2/lib/launchy/detect/runner.rb
  266 /usr/local/Cellar/ruby/2.1.1/lib/ruby/gems/2.1.0/gems/launchy-2.4.2/lib/launchy/detect.rb
  267 /usr/local/Cellar/ruby/2.1.1/lib/ruby/gems/2.1.0/gems/launchy-2.4.2/lib/launchy/deprecated.rb
  268 /usr/local/Cellar/ruby/2.1.1/lib/ruby/gems/2.1.0/gems/launchy-2.4.2/lib/launchy.rb
  269 /usr/local/Cellar/ruby/2.1.1/lib/ruby/2.1.0/singleton.rb
  270 /usr/local/Cellar/ruby/2.1.1/lib/ruby/gems/2.1.0/gems/milkode-1.5.0/lib/milkode/cdweb/lib/database.rb
  271 /usr/local/Cellar/ruby/2.1.1/lib/ruby/gems/2.1.0/gems/milkode-1.5.0/lib/milkode/cdweb/cli_cdweb.rb
  272 /usr/local/Cellar/ruby/2.1.1/lib/ruby/gems/2.1.0/gems/milkode-1.5.0/lib/milkode/grep/findgrep_option.rb
  273 /usr/local/Cellar/ruby/2.1.1/lib/ruby/gems/2.1.0/gems/milkode-1.5.0/lib/milkode/grep/cli_grep.rb
  274 /usr/local/Cellar/ruby/2.1.1/lib/ruby/gems/2.1.0/gems/milkode-1.5.0/lib/milkode/cli.rb
  275 /usr/local/Cellar/ruby/2.1.1/lib/ruby/gems/2.1.0/gems/thor-0.18.1/lib/thor/shell/basic.rb
  276 /usr/local/Cellar/ruby/2.1.1/lib/ruby/gems/2.1.0/gems/thor-0.18.1/lib/thor/shell/color.rb

[NOTE]
You may have encountered a bug in the Ruby interpreter or extension libraries.
Bug reports are welcome.
For details: http://www.ruby-lang.org/bugreport.html

rake aborted!
Command failed with status (): [milk update --all...]
/Users/ongaeshi/Documents/groonga-broated-database-test/Rakefile:23:in `block (3 levels) in <top (required)>'
/Users/ongaeshi/Documents/groonga-broated-database-test/Rakefile:22:in `chdir'
/Users/ongaeshi/Documents/groonga-broated-database-test/Rakefile:22:in `block (2 levels) in <top (required)>'
/Users/ongaeshi/Documents/groonga-broated-database-test/Rakefile:18:in `each'
/Users/ongaeshi/Documents/groonga-broated-database-test/Rakefile:18:in `block in <top (required)>'
Tasks: TOP => do_test
(See full trace by running task with --trace)
